Build started 10/01/2021 16:37:49.
     1>Project "C:\Users\cater\Desktop\programmaComputer\programmaComputer\programmaComputer.vcxproj" on node 2 (build target(s)).
     1>InitializeBuildStatus:
         Creating "Debug\programmaComputer.unsuccessfulbuild" because "AlwaysCreate" was specified.
       ClCompile:
         C:\Program Files (x86)\Microsoft Visual Studio 10.0\VC\bin\CL.exe /c /ZI /nologo /W3 /WX- /Od /Oy- /D WIN32 /D _DEBUG /D _CONSOLE /D _UNICODE /D UNICODE /Gm /EHsc /RTC1 /MDd /GS /fp:precise /Zc:wchar_t /Zc:forScope /Fo"Debug\\" /Fd"Debug\vc100.pdb" /Gd /TP /analyze- /errorReport:prompt Computer.cpp Magazzino.cpp programmaComputer.cpp
         programmaComputer.cpp
         Magazzino.cpp
         Computer.cpp
         Generating Code...
       ManifestResourceCompile:
         All outputs are up-to-date.
       Link:
         C:\Program Files (x86)\Microsoft Visual Studio 10.0\VC\bin\link.exe /ERRORREPORT:PROMPT /OUT:"C:\Users\cater\Desktop\programmaComputer\Debug\programmaComputer.exe" /INCREMENTAL /NOLOGO kernel32.lib user32.lib gdi32.lib winspool.lib comdlg32.lib advapi32.lib shell32.lib ole32.lib oleaut32.lib uuid.lib odbc32.lib odbccp32.lib /MANIFEST /ManifestFile:"Debug\programmaComputer.exe.intermediate.manifest" /MANIFESTUAC:"level='asInvoker' uiAccess='false'" /DEBUG /PDB:"C:\Users\cater\Desktop\programmaComputer\Debug\programmaComputer.pdb" /SUBSYSTEM:CONSOLE /TLBID:1 /DYNAMICBASE /NXCOMPAT /IMPLIB:"C:\Users\cater\Desktop\programmaComputer\Debug\programmaComputer.lib" /MACHINE:X86 Debug\programmaComputer.exe.embed.manifest.res
         Debug\Computer.obj
         Debug\Magazzino.obj
         Debug\programmaComputer.obj
         Debug\stdafx.obj
       Manifest:
         C:\Program Files (x86)\Microsoft SDKs\Windows\v7.0A\bin\mt.exe /nologo /verbose /out:"Debug\programmaComputer.exe.embed.manifest" /manifest Debug\programmaComputer.exe.intermediate.manifest
         All outputs are up-to-date.
       LinkEmbedManifest:
         All outputs are up-to-date.
         programmaComputer.vcxproj -> C:\Users\cater\Desktop\programmaComputer\Debug\programmaComputer.exe
       FinalizeBuildStatus:
         Deleting file "Debug\programmaComputer.unsuccessfulbuild".
         Touching "Debug\programmaComputer.lastbuildstate".
     1>Done Building Project "C:\Users\cater\Desktop\programmaComputer\programmaComputer\programmaComputer.vcxproj" (build target(s)).

Build succeeded.

Time Elapsed 00:00:01.26
